<?xml version="1.0" encoding="UTF-8"?>
<!-- Generated by org.testng.reporters.JUnitXMLReporter -->
<testsuite ignored="0" hostname="Confluent1" failures="1" tests="2" name="Login Page Test" time="6.071" errors="0" timestamp="2022-09-13T17:09:55 IST">
  <testcase classname="SeleniumTesting.Errorvalidation" name="test1" time="0.655">
    <failure type="java.lang.AssertionError" message="expected [Incorrect email or password.] but found [Incorrect email password.]">
      <![CDATA[java.lang.AssertionError: expected [Incorrect email or password.] but found [Incorrect email password.]
at SeleniumTesting.Errorvalidation.test1(Errorvalidation.java:25)
at java.base/java.util.ArrayList.forEach(ArrayList.java:1511)
... Removed 31 stack frames]]>
    </failure>
  </testcase> <!-- test1 -->
  <testcase classname="SeleniumTesting.Errorvalidation" name="test2" time="0.444"/>
</testsuite> <!-- Login Page Test -->
