<?xml version="1.0" encoding="UTF-8"?>
<testng-results ignored="0" total="5" passed="4" failed="1" skipped="0">
  <reporter-output>
  </reporter-output>
  <suite started-at="2022-09-15T12:47:13 IST" name="Suite" finished-at="2022-09-15T12:48:24 IST" duration-ms="70406">
    <groups>
      <group name="purchase">
        <method signature="EcommTest.ecommTest(java.util.HashMap)[pri:0, instance:SeleniumTesting.EcommTest@305ffe9e]" name="ecommTest" class="SeleniumTesting.EcommTest"/>
      </group> <!-- purchase -->
    </groups>
    <test started-at="2022-09-15T12:47:13 IST" name="Ecomm Test" finished-at="2022-09-15T12:48:19 IST" duration-ms="65236">
      <class name="SeleniumTesting.EcommTest">
        <test-method is-config="true" signature="launchApplication()[pri:0, instance:SeleniumTesting.EcommTest@305ffe9e]" started-at="2022-09-15T12:47:14 IST" name="launchApplication" finished-at="2022-09-15T12:47:19 IST" duration-ms="5275" status="PASS">
          <reporter-output>
          </reporter-output>
        </test-method> <!-- launchApplication -->
        <test-method signature="ecommTest(java.util.HashMap)[pri:0, instance:SeleniumTesting.EcommTest@305ffe9e]" started-at="2022-09-15T12:47:19 IST" name="ecommTest" data-provider="getData" finished-at="2022-09-15T12:47:48 IST" duration-ms="28982" status="PASS">
          <params>
            <param index="0">
              <value>
                <![CDATA[{password=P@ssw0rd, product=IPHONE 13 PRO, email=sayalik1992@gmail.com}]]>
              </value>
            </param>
          </params>
          <reporter-output>
          </reporter-output>
        </test-method> <!-- ecommTest -->
        <test-method signature="ecommTest(java.util.HashMap)[pri:0, instance:SeleniumTesting.EcommTest@305ffe9e]" started-at="2022-09-15T12:47:48 IST" name="ecommTest" data-provider="getData" finished-at="2022-09-15T12:48:18 IST" duration-ms="30121" status="PASS">
          <params>
            <param index="0">
              <value>
                <![CDATA[{password=P@ssword, product=ADIDAS ORIGINAL, email=sayalikhi93@gmail.com}]]>
              </value>
            </param>
          </params>
          <reporter-output>
          </reporter-output>
        </test-method> <!-- ecommTest -->
        <test-method signature="orderHistoryCheck()[pri:0, instance:SeleniumTesting.EcommTest@305ffe9e]" started-at="2022-09-15T12:48:18 IST" name="orderHistoryCheck" finished-at="2022-09-15T12:48:19 IST" depends-on-methods="SeleniumTesting.EcommTest.ecommTest" duration-ms="544" status="PASS">
          <reporter-output>
          </reporter-output>
        </test-method> <!-- orderHistoryCheck -->
      </class> <!-- SeleniumTesting.EcommTest -->
    </test> <!-- Ecomm Test -->
    <test started-at="2022-09-15T12:48:19 IST" name="Login Page Test" finished-at="2022-09-15T12:48:24 IST" duration-ms="4785">
      <class name="SeleniumTesting.Errorvalidation">
        <test-method is-config="true" signature="launchApplication()[pri:0, instance:SeleniumTesting.Errorvalidation@5b7a7f33]" started-at="2022-09-15T12:48:19 IST" name="launchApplication" finished-at="2022-09-15T12:48:23 IST" duration-ms="3833" status="PASS">
          <reporter-output>
          </reporter-output>
        </test-method> <!-- launchApplication -->
        <test-method signature="test1()[pri:0, instance:SeleniumTesting.Errorvalidation@5b7a7f33]" started-at="2022-09-15T12:48:23 IST" name="test1" finished-at="2022-09-15T12:48:23 IST" duration-ms="373" status="FAIL">
          <exception class="java.lang.AssertionError">
            <message>
              <![CDATA[expected [Incorrect email or password.] but found [Incorrect email password.]]]>
            </message>
            <full-stacktrace>
              <![CDATA[java.lang.AssertionError: expected [Incorrect email or password.] but found [Incorrect email password.]
at org.testng.Assert.fail(Assert.java:110)
at org.testng.Assert.failNotEquals(Assert.java:1413)
at org.testng.Assert.assertEqualsImpl(Assert.java:149)
at org.testng.Assert.assertEquals(Assert.java:131)
at org.testng.Assert.assertEquals(Assert.java:655)
at org.testng.Assert.assertEquals(Assert.java:665)
at SeleniumTesting.Errorvalidation.test1(Errorvalidation.java:25)
at java.base/jdk.internal.reflect.DirectMethodHandleAccessor.invoke(DirectMethodHandleAccessor.java:104)
at java.base/java.lang.reflect.Method.invoke(Method.java:577)
at org.testng.internal.invokers.MethodInvocationHelper.invokeMethod(MethodInvocationHelper.java:139)
at org.testng.internal.invokers.TestInvoker.invokeMethod(TestInvoker.java:677)
at org.testng.internal.invokers.TestInvoker.invokeTestMethod(TestInvoker.java:221)
at org.testng.internal.invokers.MethodRunner.runInSequence(MethodRunner.java:50)
at org.testng.internal.invokers.TestInvoker$MethodInvocationAgent.invoke(TestInvoker.java:962)
at org.testng.internal.invokers.TestInvoker.invokeTestMethods(TestInvoker.java:194)
at org.testng.internal.invokers.TestMethodWorker.invokeTestMethods(TestMethodWorker.java:148)
at org.testng.internal.invokers.TestMethodWorker.run(TestMethodWorker.java:128)
at java.base/java.util.ArrayList.forEach(ArrayList.java:1511)
at org.testng.TestRunner.privateRun(TestRunner.java:806)
at org.testng.TestRunner.run(TestRunner.java:601)
at org.testng.SuiteRunner.runTest(SuiteRunner.java:433)
at org.testng.SuiteRunner.runSequentially(SuiteRunner.java:427)
at org.testng.SuiteRunner.privateRun(SuiteRunner.java:387)
at org.testng.SuiteRunner.run(SuiteRunner.java:330)
at org.testng.SuiteRunnerWorker.runSuite(SuiteRunnerWorker.java:52)
at org.testng.SuiteRunnerWorker.run(SuiteRunnerWorker.java:95)
at org.testng.TestNG.runSuitesSequentially(TestNG.java:1256)
at org.testng.TestNG.runSuitesLocally(TestNG.java:1176)
at org.testng.TestNG.runSuites(TestNG.java:1099)
at org.testng.TestNG.run(TestNG.java:1067)
at org.apache.maven.surefire.testng.TestNGExecutor.run(TestNGExecutor.java:324)
at org.apache.maven.surefire.testng.TestNGXmlTestSuite.execute(TestNGXmlTestSuite.java:74)
at org.apache.maven.surefire.testng.TestNGProvider.invoke(TestNGProvider.java:123)
at org.apache.maven.surefire.booter.ForkedBooter.runSuitesInProcess(ForkedBooter.java:456)
at org.apache.maven.surefire.booter.ForkedBooter.execute(ForkedBooter.java:169)
at org.apache.maven.surefire.booter.ForkedBooter.run(ForkedBooter.java:595)
at org.apache.maven.surefire.booter.ForkedBooter.main(ForkedBooter.java:581)
]]>
            </full-stacktrace>
          </exception> <!-- java.lang.AssertionError -->
          <reporter-output>
          </reporter-output>
        </test-method> <!-- test1 -->
        <test-method signature="test2()[pri:0, instance:SeleniumTesting.Errorvalidation@5b7a7f33]" started-at="2022-09-15T12:48:24 IST" name="test2" finished-at="2022-09-15T12:48:24 IST" duration-ms="342" status="PASS">
          <reporter-output>
          </reporter-output>
        </test-method> <!-- test2 -->
      </class> <!-- SeleniumTesting.Errorvalidation -->
    </test> <!-- Login Page Test -->
  </suite> <!-- Suite -->
</testng-results>
